Traceback (most recent call last):
  File "c:\users\windows 10\appdata\local\programs\python\python39\lib\site-packages\jupyter_cache\executors\utils.py", line 51, in single_nb_execution
    executenb(
  File "c:\users\windows 10\appdata\local\programs\python\python39\lib\site-packages\nbclient\client.py", line 1112, in execute
    return NotebookClient(nb=nb, resources=resources, km=km, **kwargs).execute()
  File "c:\users\windows 10\appdata\local\programs\python\python39\lib\site-packages\nbclient\util.py", line 74, in wrapped
    return just_run(coro(*args, **kwargs))
  File "c:\users\windows 10\appdata\local\programs\python\python39\lib\site-packages\nbclient\util.py", line 53, in just_run
    return loop.run_until_complete(coro)
  File "c:\users\windows 10\appdata\local\programs\python\python39\lib\asyncio\base_events.py", line 642, in run_until_complete
    return future.result()
  File "c:\users\windows 10\appdata\local\programs\python\python39\lib\site-packages\nbclient\client.py", line 553, in async_execute
    await self.async_execute_cell(
  File "c:\users\windows 10\appdata\local\programs\python\python39\lib\site-packages\nbclient\client.py", line 857, in async_execute_cell
    self._check_raise_for_error(cell, exec_reply)
  File "c:\users\windows 10\appdata\local\programs\python\python39\lib\site-packages\nbclient\client.py", line 760, in _check_raise_for_error
    raise CellExecutionError.from_cell_and_msg(cell, exec_reply_content)
nbclient.exceptions.CellExecutionError: An error occurred while executing the following cell:
------------------
from wordcloud import WordCloud
# Generate a word cloud image for given topic

def draw_word_cloud(index):
  imp_words_topic=""
  comp=lda_model.components_[index]
  vocab_comp = zip(vocab, comp)
  sorted_words = sorted(vocab_comp, key= lambda x:x[1], reverse=True)[:50]
  for word in sorted_words:
    imp_words_topic=imp_words_topic+" "+word[0]

  wordcloud = WordCloud(width=600, height=400).generate(imp_words_topic)
  plt.figure( figsize=(5,5))
  plt.imshow(wordcloud)
  plt.axis("off")
  plt.tight_layout()
  plt.show()
------------------

[1;31m---------------------------------------------------------------------------[0m
[1;31mModuleNotFoundError[0m                       Traceback (most recent call last)
[1;32m<ipython-input-31-d11a74adad5a>[0m in [0;36m<module>[1;34m[0m
[1;32m----> 1[1;33m [1;32mfrom[0m [0mwordcloud[0m [1;32mimport[0m [0mWordCloud[0m[1;33m[0m[1;33m[0m[0m
[0m[0;32m      2[0m [1;31m# Generate a word cloud image for given topic[0m[1;33m[0m[1;33m[0m[1;33m[0m[0m
[0;32m      3[0m [1;33m[0m[0m
[0;32m      4[0m [1;32mdef[0m [0mdraw_word_cloud[0m[1;33m([0m[0mindex[0m[1;33m)[0m[1;33m:[0m[1;33m[0m[1;33m[0m[0m
[0;32m      5[0m   [0mimp_words_topic[0m[1;33m=[0m[1;34m""[0m[1;33m[0m[1;33m[0m[0m

[1;31mModuleNotFoundError[0m: No module named 'wordcloud'
ModuleNotFoundError: No module named 'wordcloud'

